<?xml version="1.0" encoding="UTF-8"?>
<testng-results ignored="0" total="1" passed="1" failed="0" skipped="0">
  <reporter-output>
  </reporter-output>
  <suite started-at="2025-04-28T15:15:59 IST" name="Suite" finished-at="2025-04-28T15:16:19 IST" duration-ms="19836">
    <groups>
    </groups>
    <test started-at="2025-04-28T15:15:59 IST" name="Test" finished-at="2025-04-28T15:16:19 IST" duration-ms="19836">
      <class name="com.tests.LoginTest">
        <test-method signature="testValidLogin()[pri:0, instance:com.tests.LoginTest@654f0d9c]" started-at="2025-04-28T15:15:59 IST" name="testValidLogin" finished-at="2025-04-28T15:16:19 IST" duration-ms="19811" status="PASS">
          <reporter-output>
          </reporter-output>
        </test-method> <!-- testValidLogin -->
        <test-method is-config="true" signature="teardown()[pri:0, instance:com.tests.LoginTest@654f0d9c]" started-at="2025-04-28T15:16:19 IST" name="teardown" finished-at="2025-04-28T15:16:19 IST" duration-ms="117" status="PASS">
          <reporter-output>
          </reporter-output>
        </test-method> <!-- teardown -->
      </class> <!-- com.tests.LoginTest -->
    </test> <!-- Test -->
  </suite> <!-- Suite -->
</testng-results>
